<?xml version="1.0"?>
<psalm
    cacheDirectory="var/cache/psalm"
    autoloader="bin/static-analyze-autoloader.php"
    findUnusedVariablesAndParams="true"
    xmlns:xsi="http://www.w3.org/2001/XMLSchema-instance"
    xmlns="https://getpsalm.org/schema/config"
    xsi:schemaLocation="https://getpsalm.org/schema/config vendor/vimeo/psalm/config.xsd"
>
    <projectFiles>
        <directory name="src"/>
        <directory name="tests"/>
        <ignoreFiles>
            <directory name="../../../platform"/> <!-- would otherwise inspect Shopware -->
            <directory name="../../../vendor"/> <!-- would otherwise inspect vendor -->
        </ignoreFiles>
    </projectFiles>

    <forbiddenFunctions>
        <function name="dump"/>
        <function name="dd"/>
        <function name="var_dump"/>
        <function name="error_log"/>
    </forbiddenFunctions>

    <issueHandlers>
        <MoreSpecificImplementedParamType>
            <errorLevel type="info">
                <file name="src/Webhook/Handler/*.php"/>
                <file name="src/Pos/Sync/Product/Util/ProductGroupingCollection.php"/>
                <file name="src/Pos/DataAbstractionLayer/Entity/*Collection.php"/>
                <file name="src/Pos/MessageQueue/Handler/Sync/*Handler.php"/>
                <file name="src/Pos/Webhook/Handler/*Handler.php"/>
            </errorLevel>
        </MoreSpecificImplementedParamType>

        <InvalidReturnType>
            <errorLevel type="info">
                <directory name="tests/Mock"/>
                <directory name="tests/Pos/Mock"/>
            </errorLevel>
        </InvalidReturnType>

        <InternalMethod>
            <errorLevel type="info">
                <file name="src/Pos/Command/*Command.php"/>
                <file name="src/Pos/Schedule/*Handler.php"/>
                <file name="src/Checkout/Payment/ScheduledTask/CancelTransactionsTaskHandler.php"/>
                <!-- is only used on webhook registration, no caching issues -->
                <referencedMethod name="Shopware\Core\System\SystemConfig\SystemConfigService::getDomain"/>
                <directory name="tests"/>
            </errorLevel>
        </InternalMethod>

        <DeprecatedClass>
            <errorLevel type="info">
                <!-- <deprecated> tag:v4.0.0 - remove with 4.0.0 -->
                <referencedClass name="Swag\PayPal\Setting\Service\SettingsService"/>
                <referencedClass name="Swag\PayPal\Setting\Service\SettingsServiceInterface"/>
                <referencedClass name="Swag\PayPal\Setting\SwagPayPalSettingStruct"/>
                <file name="tests/Checkout/ErrorControllerTest.php"/>
                <file name="tests/Setting/SwagPayPalSettingStructValidatorTest.php"/>
                <file name="tests/Setting/SwagPayPalSettingStructTest.php"/>
                <file name="src/Setting/Service/SettingsService.php"/>
                <file name="src/Setting/Service/SettingsServiceInterface.php"/>
                <file name="src/Setting/SwagPayPalSettingStructValidator.php"/>
            </errorLevel>
        </DeprecatedClass>

        <DeprecatedInterface>
            <errorLevel type="info">
                <!-- <deprecated> tag:v4.0.0 - remove with 4.0.0 -->
                <file name="src/Setting/Service/SettingsService.php"/>
            </errorLevel>
        </DeprecatedInterface>

        <DeprecatedMethod>
            <errorLevel type="info">
                <!-- <deprecated> tag:v4.0.0 - remove with 4.0.0 -->
                <referencedMethod name="Doctrine\DBAL\Connection::executeUpdate"/>
                <referencedMethod name="Swag\PayPal\Checkout\ExpressCheckout\Service\PayPalExpressCheckoutDataService::getExpressCheckoutButtonData"/>
                <referencedMethod name="Swag\PayPal\Checkout\Plus\Service\PlusDataService::getPlusData"/>
                <referencedMethod name="Swag\PayPal\Checkout\Plus\Service\PlusDataService::getPlusDataFromOrder"/>
                <referencedMethod name="Swag\PayPal\Checkout\SPBCheckout\Service\SPBCheckoutDataService::getCheckoutData"/>
                <referencedMethod name="Swag\PayPal\Installment\Banner\Service\BannerDataService::getInstallmentBannerData"/>
                <referencedMethod name="Swag\PayPal\OrdersApi\Builder\AbstractOrderBuilder::__construct"/>
                <referencedMethod name="Swag\PayPal\OrdersApi\Builder\AbstractOrderBuilder::createApplicationContext"/>
                <referencedMethod name="Swag\PayPal\OrdersApi\Builder\AbstractOrderBuilder::getIntent"/>
                <referencedMethod name="Swag\PayPal\OrdersApi\Builder\AbstractOrderBuilder::getBrandName"/>
                <referencedMethod name="Swag\PayPal\OrdersApi\Builder\AbstractOrderBuilder::getLandingPageType"/>
                <referencedMethod name="Swag\PayPal\PaymentsApi\Builder\AbstractPaymentBuilder::__construct"/>
                <referencedMethod name="Swag\PayPal\RestApi\Client\PayPalClient::__construct"/>
                <referencedMethod name="Swag\PayPal\RestApi\Client\TokenClient::__construct"/>
                <referencedMethod name="Swag\PayPal\RestApi\Client\TokenClientFactory::createTokenClient"/>
                <referencedMethod name="Swag\PayPal\RestApi\V1\Resource\TokenResourceInterface::getToken"/>
                <referencedMethod name="Swag\PayPal\Webhook\WebhookServiceInterface::deregisterWebhook"/>
                <referencedMethod name="Swag\PayPal\Checkout\ExpressCheckout\ExpressCheckoutSubscriber::addExpressCheckoutDataToCmsPage"/>
            </errorLevel>
        </DeprecatedMethod>

        <DeprecatedConstant>
            <errorLevel type="info">
                <!-- <deprecated> tag:v4.0.0 - remove with 4.0.0 -->
                <file name="src/Checkout/Payment/PayPalPaymentHandler.php"/>
                <file name="tests/Checkout/Payment/ScheduledTask/CancelTransactionsTaskHandlerTest.php"/>
                <file name="tests/Checkout/Payment/PayPalPaymentHandlerTest.php"/>
            </errorLevel>
        </DeprecatedConstant>

        <DeprecatedProperty>
            <errorLevel type="info">
                <!-- <deprecated> tag:v4.0.0 - remove with 4.0.0 -->
                <referencedProperty name="Swag\PayPal\OrdersApi\Builder\AbstractOrderBuilder::$amountProvider"/>
                <referencedProperty name="Swag\PayPal\OrdersApi\Builder\AbstractOrderBuilder::$priceFormatter"/>
                <referencedProperty name="Swag\PayPal\OrdersApi\Builder\AbstractOrderBuilder::$purchaseUnitProvider"/>
                <referencedProperty name="Swag\PayPal\OrdersApi\Builder\AbstractOrderBuilder::$settingsService"/>
                <referencedProperty name="Swag\PayPal\OrdersApi\Builder\AbstractOrderBuilder::$systemConfigService"/>
                <referencedProperty name="Swag\PayPal\PaymentsApi\Builder\AbstractPaymentBuilder::$settingsService"/>
                <referencedProperty name="Swag\PayPal\Webhook\Registration\WebhookSystemConfigHelper::$settingsService"/>
            </errorLevel>
        </DeprecatedProperty>

        <PossiblyInvalidArgument>
            <errorLevel type="info">
                <file name="tests/Pos/Sync/Product/*Test.php"/>
                <file name="tests/Pos/Sync/Inventory/StockSubscriberTest.php"/>
            </errorLevel>
        </PossiblyInvalidArgument>

        <PossiblyUndefinedMethod>
            <errorLevel type="info">
                <file name="tests/Pos/Sync/Product/*Test.php"/>
                <file name="tests/Pos/Sync/Inventory/StockSubscriberTest.php"/>
            </errorLevel>
        </PossiblyUndefinedMethod>

        <UnresolvableInclude>
            <errorLevel type="info">
                <file name="tests/TestBootstrap.php"/>
            </errorLevel>
        </UnresolvableInclude>

        <UndefinedClass>
            <errorLevel type="info">
                <!-- Can be removed when min-Version is 6.4.2.0 -->
                <referencedClass name="Shopware\Storefront\Event\SwitchBuyBoxVariantEvent"/>
            </errorLevel>
        </UndefinedClass>

        <PossiblyNullReference>
            <errorLevel type="info">
                <!-- Psalm does not recognize the markTestSkipped method call as terminating -->
                <file name="tests/Checkout/ExpressCheckout/ExpressCheckoutSubscriberTest.php"/>
            </errorLevel>
        </PossiblyNullReference>

        <UnsafeInstantiation>
            <errorLevel type="info">
                <file name="tests/Pos/Mock/Repositories/AbstractRepoMock.php"/>
            </errorLevel>
        </UnsafeInstantiation>

        <NonInvariantDocblockPropertyType>
            <errorLevel type="info">
                <file name="src/Checkout/TokenResponse.php"/>
            </errorLevel>
        </NonInvariantDocblockPropertyType>

        <InvalidStringClass>
            <errorLevel type="info">
                <!-- Could be removed once the min version is at least Shopware 6.4.2.0 -->
                <file name="tests/Pos/Mock/Repositories/AbstractRepoMock.php"/>
            </errorLevel>
        </InvalidStringClass>

        <ArgumentTypeCoercion>
            <errorLevel type="info">
                <!-- Could be removed once the min version is at least Shopware 6.4.2.0 -->
                <file name="tests/Pos/Mock/Repositories/AbstractRepoMock.php"/>
            </errorLevel>
        </ArgumentTypeCoercion>

        <PropertyTypeCoercion>
            <errorLevel type="info">
                <!-- Could be removed once the min version is at least Shopware 6.4.2.0 -->
                <file name="tests/Pos/Mock/Repositories/AbstractRepoMock.php"/>
            </errorLevel>
        </PropertyTypeCoercion>

        <!-- level 3 issues - slightly lazy code writing, but provably low false-negatives -->
        <PropertyNotSetInConstructor errorLevel="info"/>
        <MissingConstructor errorLevel="info"/>
    </issueHandlers>
</psalm>
